2018-09-02 14:50:32,029 - application_logger - INFO - Logger initiated
2018-09-02 14:50:32,032 - application_logger - INFO - Initiating app
2018-09-02 14:50:32,214 - application_logger - INFO - Checking if sum: 50 is already in the db
2018-09-02 14:50:32,248 - application_logger - DEBUG - The sum -50- is already in the system! It was entered at: 2018-09-02 14:22:17
2018-09-02 14:50:32,258 - application_logger - INFO - Checking if sum: 50 is already in the db
2018-09-02 14:50:32,296 - application_logger - DEBUG - The sum -50- is already in the system! It was entered at: 2018-09-02 14:22:17
2018-09-02 14:51:40,015 - application_logger - INFO - Logger initiated
2018-09-02 14:51:40,018 - application_logger - INFO - Initiating app
2018-09-02 14:51:40,191 - application_logger - INFO - Checking if sum: 50 is already in the db
2018-09-02 14:51:40,224 - application_logger - DEBUG - The sum -50- is already in the system! It was entered at: 2018-09-02 14:22:17
2018-09-02 14:51:40,234 - application_logger - INFO - Checking if sum: 50 is already in the db
2018-09-02 14:51:40,268 - application_logger - DEBUG - The sum -50- is already in the system! It was entered at: 2018-09-02 14:22:17
2018-09-02 14:51:40,278 - application_logger - INFO - Checking if sum: 46 is already in the db
2018-09-02 14:52:38,842 - application_logger - INFO - Logger initiated
2018-09-02 14:52:38,844 - application_logger - INFO - Initiating app
2018-09-02 14:52:39,013 - application_logger - INFO - Checking if sum: 50 is already in the db
2018-09-02 14:52:39,044 - application_logger - DEBUG - The sum -50- is already in the system! It was entered at: 2018-09-02 14:22:17
2018-09-02 14:52:39,053 - application_logger - INFO - Checking if sum: 50 is already in the db
2018-09-02 14:52:39,091 - application_logger - DEBUG - The sum -50- is already in the system! It was entered at: 2018-09-02 14:22:17
2018-09-02 14:52:39,101 - application_logger - INFO - Checking if sum: 46 is already in the db
2018-09-02 14:53:01,412 - application_logger - INFO - Logger initiated
2018-09-02 14:53:01,414 - application_logger - INFO - Initiating app
2018-09-02 14:53:01,589 - application_logger - INFO - Checking if sum: 50 is already in the db
2018-09-02 14:53:01,622 - application_logger - DEBUG - The sum -50- is already in the system! It was entered at: 2018-09-02 14:22:17
2018-09-02 14:53:01,632 - application_logger - INFO - Checking if sum: 50 is already in the db
2018-09-02 14:53:01,670 - application_logger - DEBUG - The sum -50- is already in the system! It was entered at: 2018-09-02 14:22:17
2018-09-02 14:53:01,681 - application_logger - INFO - Checking if sum: 46 is already in the db
2018-09-02 14:53:26,661 - application_logger - INFO - Logger initiated
2018-09-02 14:53:26,664 - application_logger - INFO - Initiating app
2018-09-02 14:53:26,834 - application_logger - INFO - Checking if sum: 50 is already in the db
2018-09-02 14:53:26,869 - application_logger - DEBUG - The sum -50- is already in the system! It was entered at: 2018-09-02 14:22:17
2018-09-02 14:53:26,878 - application_logger - INFO - Checking if sum: 50 is already in the db
2018-09-02 14:53:26,915 - application_logger - DEBUG - The sum -50- is already in the system! It was entered at: 2018-09-02 14:22:17
2018-09-02 14:53:26,925 - application_logger - INFO - Checking if sum: 46 is already in the db
2018-09-02 14:53:49,782 - application_logger - INFO - Logger initiated
2018-09-02 14:53:49,784 - application_logger - INFO - Initiating app
2018-09-02 14:53:49,953 - application_logger - INFO - Checking if sum: 50 is already in the db
2018-09-02 14:53:49,987 - application_logger - DEBUG - The sum -50- is already in the system! It was entered at: 2018-09-02 14:22:17
2018-09-02 14:53:49,995 - application_logger - INFO - Checking if sum: 50 is already in the db
2018-09-02 14:53:50,029 - application_logger - DEBUG - The sum -50- is already in the system! It was entered at: 2018-09-02 14:22:17
2018-09-02 14:53:50,039 - application_logger - INFO - Checking if sum: 46 is already in the db
2018-09-02 14:54:06,457 - application_logger - INFO - Logger initiated
2018-09-02 14:54:06,460 - application_logger - INFO - Initiating app
2018-09-02 14:54:06,635 - application_logger - INFO - Checking if sum: 50 is already in the db
2018-09-02 14:54:06,671 - application_logger - DEBUG - The sum -50- is already in the system! It was entered at: 2018-09-02 14:22:17
2018-09-02 14:54:06,680 - application_logger - INFO - Checking if sum: 50 is already in the db
2018-09-02 14:54:06,713 - application_logger - DEBUG - The sum -50- is already in the system! It was entered at: 2018-09-02 14:22:17
2018-09-02 14:54:06,724 - application_logger - INFO - Checking if sum: 46 is already in the db
2018-09-02 14:54:22,014 - application_logger - INFO - Logger initiated
2018-09-02 14:54:22,017 - application_logger - INFO - Initiating app
2018-09-02 14:54:22,190 - application_logger - INFO - Checking if sum: 50 is already in the db
2018-09-02 14:54:22,226 - application_logger - DEBUG - The sum -50- is already in the system! It was entered at: 2018-09-02 14:22:17
2018-09-02 14:54:22,236 - application_logger - INFO - Checking if sum: 50 is already in the db
2018-09-02 14:54:22,272 - application_logger - DEBUG - The sum -50- is already in the system! It was entered at: 2018-09-02 14:22:17
2018-09-02 14:54:22,281 - application_logger - INFO - Checking if sum: 46 is already in the db
2018-09-02 14:55:01,650 - application_logger - INFO - Logger initiated
2018-09-02 14:55:01,652 - application_logger - INFO - Initiating app
2018-09-02 14:55:01,841 - application_logger - INFO - Checking if sum: 50 is already in the db
2018-09-02 14:55:42,447 - application_logger - INFO - Logger initiated
2018-09-02 14:55:42,450 - application_logger - INFO - Initiating app
2018-09-02 14:55:42,628 - application_logger - INFO - Checking if sum: 50 is already in the db
2018-09-02 14:55:42,664 - application_logger - DEBUG - The sum -50- is already in the system! It was entered at: 2018-09-02 14:22:17
2018-09-02 14:55:42,674 - application_logger - INFO - Checking if sum: 50 is already in the db
2018-09-02 14:55:42,711 - application_logger - DEBUG - The sum -50- is already in the system! It was entered at: 2018-09-02 14:22:17
2018-09-02 14:55:42,721 - application_logger - INFO - Checking if sum: 46 is already in the db
2018-09-02 14:55:42,747 - application_logger - INFO - Adding sum: 46 to the db
2018-09-02 14:55:42,752 - application_logger - INFO - Sum 46 was added to the db successfully!
2018-09-02 14:55:42,762 - application_logger - INFO - Checking if sum: 46 is already in the db
2018-09-02 14:55:42,790 - application_logger - INFO - Adding sum: 46 to the db
2018-09-02 14:55:42,793 - application_logger - INFO - Sum 46 was added to the db successfully!
2018-09-02 14:56:38,432 - application_logger - INFO - Logger initiated
2018-09-02 14:56:38,435 - application_logger - INFO - Initiating app
2018-09-02 14:56:38,605 - application_logger - INFO - Checking if sum: 50 is already in the db
2018-09-02 14:56:38,638 - application_logger - DEBUG - The sum -50- is already in the system! It was entered at: 2018-09-02 14:22:17
2018-09-02 14:56:38,647 - application_logger - INFO - Checking if sum: 50 is already in the db
2018-09-02 14:56:38,681 - application_logger - DEBUG - The sum -50- is already in the system! It was entered at: 2018-09-02 14:22:17
2018-09-02 14:56:38,693 - application_logger - INFO - Checking if sum: 46 is already in the db
2018-09-02 14:56:38,718 - application_logger - INFO - Adding sum: 46 to the db
2018-09-02 14:56:38,722 - application_logger - INFO - Sum 46 was added to the db successfully!
2018-09-02 14:56:38,731 - application_logger - INFO - Checking if sum: 46 is already in the db
2018-09-02 14:56:38,759 - application_logger - INFO - Adding sum: 46 to the db
2018-09-02 14:56:38,763 - application_logger - INFO - Sum 46 was added to the db successfully!
2018-09-02 15:09:02,039 - application_logger - INFO - Logger initiated
2018-09-02 15:09:02,042 - application_logger - INFO - Initiating app
2018-09-02 17:31:55,053 - application_logger - INFO - Logger initiated
2018-09-02 17:31:55,066 - application_logger - INFO - Initiating app
2018-09-02 17:40:58,664 - application_logger - INFO - Logger initiated
2018-09-02 17:40:58,669 - application_logger - INFO - Initiating app
2018-09-02 17:40:59,170 - application_logger - INFO - Checking if sum: 50 is already in the db
2018-09-02 17:42:55,156 - application_logger - INFO - Logger initiated
2018-09-02 17:42:55,170 - application_logger - INFO - Initiating app
2018-09-02 17:43:21,631 - application_logger - INFO - Logger initiated
2018-09-02 17:43:21,637 - application_logger - INFO - Initiating app
2018-09-02 17:43:22,120 - application_logger - INFO - Checking if sum: 50 is already in the db
2018-09-02 17:44:19,105 - application_logger - INFO - Logger initiated
2018-09-02 17:44:19,113 - application_logger - INFO - Initiating app
2018-09-02 17:44:19,606 - application_logger - INFO - Checking if sum: 50 is already in the db
2018-09-02 17:46:50,374 - application_logger - INFO - Logger initiated
2018-09-02 17:46:50,379 - application_logger - INFO - Initiating app
2018-09-02 17:47:24,165 - application_logger - INFO - Logger initiated
2018-09-02 17:47:24,170 - application_logger - INFO - Initiating app
2018-09-02 17:47:24,769 - application_logger - INFO - Checking if sum: 50 is already in the db
2018-09-02 17:47:24,795 - application_logger - INFO - Adding sum: 50 to the db
2018-09-02 17:48:32,809 - application_logger - INFO - Logger initiated
2018-09-02 17:48:32,814 - application_logger - INFO - Initiating app
2018-09-02 17:48:33,287 - application_logger - INFO - Checking if sum: 50 is already in the db
2018-09-02 17:48:33,313 - application_logger - INFO - Adding sum: 50 to the db
2018-09-02 17:48:33,325 - application_logger - INFO - Sum 50 was added to the db successfully!
2018-09-02 17:48:33,345 - application_logger - INFO - Checking if sum: 50 is already in the db
2018-09-02 17:48:33,369 - application_logger - INFO - Adding sum: 50 to the db
2018-09-02 17:48:33,379 - application_logger - INFO - Sum 50 was added to the db successfully!
2018-09-02 17:48:33,404 - application_logger - INFO - Checking if sum: 46 is already in the db
2018-09-02 17:48:33,430 - application_logger - INFO - Adding sum: 46 to the db
2018-09-02 17:48:33,436 - application_logger - INFO - Sum 46 was added to the db successfully!
2018-09-02 17:48:33,462 - application_logger - INFO - Checking if sum: 46 is already in the db
2018-09-02 17:48:33,485 - application_logger - INFO - Adding sum: 46 to the db
2018-09-02 17:48:33,494 - application_logger - INFO - Sum 46 was added to the db successfully!
2018-09-02 17:55:12,867 - application_logger - INFO - Logger initiated
2018-09-02 17:55:12,873 - application_logger - INFO - Initiating app
2018-09-02 17:55:29,307 - application_logger - INFO - Logger initiated
2018-09-02 17:55:29,314 - application_logger - INFO - Initiating app
2018-09-02 17:55:29,782 - application_logger - INFO - Checking if sum: 50 is already in the db
2018-09-02 17:55:29,811 - application_logger - INFO - Adding sum: 50 to the db
2018-09-02 17:56:02,270 - application_logger - INFO - Logger initiated
2018-09-02 17:56:02,276 - application_logger - INFO - Initiating app
2018-09-02 17:56:02,774 - application_logger - INFO - Checking if sum: 50 is already in the db
2018-09-02 17:56:02,790 - application_logger - INFO - Adding sum: 50 to the db
2018-09-02 17:56:02,828 - application_logger - INFO - Sum 50 was added to the db successfully!
2018-09-02 17:56:02,849 - application_logger - INFO - Checking if sum: 50 is already in the db
2018-09-02 17:56:02,898 - application_logger - DEBUG - The sum -50- is already in the system! It was entered at: 2018-09-02 17:56:02
2018-09-02 17:56:02,926 - application_logger - INFO - Checking if sum: 46 is already in the db
2018-09-02 17:56:02,975 - application_logger - INFO - Adding sum: 46 to the db
2018-09-02 17:56:03,010 - application_logger - INFO - Sum 46 was added to the db successfully!
2018-09-02 17:56:03,032 - application_logger - INFO - Checking if sum: 46 is already in the db
2018-09-02 17:56:03,079 - application_logger - DEBUG - The sum -46- is already in the system! It was entered at: 2018-09-02 17:56:02
2018-09-02 18:00:29,144 - application_logger - INFO - Logger initiated
2018-09-02 18:00:29,150 - application_logger - INFO - Initiating app
2018-09-02 18:00:29,634 - application_logger - INFO - Checking if sum: 50 is already in the db
2018-09-02 18:00:29,684 - application_logger - DEBUG - The sum -50- is already in the system! It was entered at: 2018-09-02 17:56:02
2018-09-02 18:00:29,707 - application_logger - INFO - Checking if sum: 50 is already in the db
2018-09-02 18:00:29,779 - application_logger - DEBUG - The sum -50- is already in the system! It was entered at: 2018-09-02 17:56:02
2018-09-02 18:00:29,805 - application_logger - INFO - Checking if sum: 46 is already in the db
2018-09-02 18:00:29,868 - application_logger - DEBUG - The sum -46- is already in the system! It was entered at: 2018-09-02 17:56:02
2018-09-02 18:00:29,900 - application_logger - INFO - Checking if sum: 46 is already in the db
2018-09-02 18:00:29,952 - application_logger - DEBUG - The sum -46- is already in the system! It was entered at: 2018-09-02 17:56:02
2018-09-02 18:10:55,926 - application_logger - INFO - Logger initiated
2018-09-02 18:10:55,944 - application_logger - INFO - Initiating app
2018-09-02 18:13:17,529 - application_logger - INFO - Logger initiated
2018-09-02 18:13:17,537 - application_logger - INFO - Initiating app
2018-09-02 18:13:18,136 - application_logger - INFO - Checking if sum: 50 is already in the db
2018-09-02 18:13:18,166 - application_logger - INFO - Adding sum: 50 to the db
2018-09-02 18:13:18,206 - application_logger - INFO - Sum 50 was added to the db successfully!
2018-09-02 18:13:18,232 - application_logger - INFO - Checking if sum: 50 is already in the db
2018-09-02 18:13:18,297 - application_logger - DEBUG - The sum -50- is already in the system! It was entered at: 2018-09-02 18:13:18
2018-09-02 18:13:18,318 - application_logger - INFO - Checking if sum: 46 is already in the db
2018-09-02 18:13:18,358 - application_logger - INFO - Adding sum: 46 to the db
2018-09-02 18:13:18,397 - application_logger - INFO - Sum 46 was added to the db successfully!
2018-09-02 18:13:18,421 - application_logger - INFO - Checking if sum: 46 is already in the db
2018-09-02 18:13:18,480 - application_logger - DEBUG - The sum -46- is already in the system! It was entered at: 2018-09-02 18:13:18
2018-09-02 18:39:16,960 - application_logger - INFO - Logger initiated
2018-09-02 18:39:16,967 - application_logger - INFO - Initiating app
2018-09-02 18:39:17,686 - application_logger - INFO - Checking if sum: 50 is already in the db
2018-09-02 18:39:17,745 - application_logger - DEBUG - The sum -50- is already in the system! It was entered at: 2018-09-02 18:13:18
2018-09-02 18:39:17,835 - application_logger - INFO - Checking if sum: 50 is already in the db
2018-09-02 18:39:17,905 - application_logger - DEBUG - The sum -50- is already in the system! It was entered at: 2018-09-02 18:13:18
2018-09-02 18:39:17,995 - application_logger - INFO - Checking if sum: 46 is already in the db
2018-09-02 18:39:18,100 - application_logger - DEBUG - The sum -46- is already in the system! It was entered at: 2018-09-02 18:13:18
2018-09-02 18:39:18,182 - application_logger - INFO - Checking if sum: 46 is already in the db
2018-09-02 18:39:18,237 - application_logger - DEBUG - The sum -46- is already in the system! It was entered at: 2018-09-02 18:13:18
2018-09-02 18:41:53,613 - application_logger - INFO - Logger initiated
2018-09-02 18:41:53,617 - application_logger - INFO - Initiating app
2018-09-02 18:41:54,114 - application_logger - INFO - ***************Starting tree:***************
2018-09-02 18:41:54,137 - application_logger - INFO - Checking if sum: 50 is already in the db
2018-09-02 18:41:54,205 - application_logger - DEBUG - The sum -50- is already in the system! It was entered at: 2018-09-02 18:13:18
2018-09-02 18:41:54,214 - application_logger - INFO - ---------------Finished tree json_test.json---------------
2018-09-02 18:41:54,223 - application_logger - INFO - ***************Starting tree:***************
2018-09-02 18:41:54,246 - application_logger - INFO - Checking if sum: 50 is already in the db
2018-09-02 18:41:54,309 - application_logger - DEBUG - The sum -50- is already in the system! It was entered at: 2018-09-02 18:13:18
2018-09-02 18:41:54,316 - application_logger - INFO - ---------------Finished tree test2.json---------------
2018-09-02 18:41:54,323 - application_logger - INFO - ***************Starting tree:***************
2018-09-02 18:41:54,345 - application_logger - INFO - Checking if sum: 46 is already in the db
2018-09-02 18:41:54,419 - application_logger - DEBUG - The sum -46- is already in the system! It was entered at: 2018-09-02 18:13:18
2018-09-02 18:41:54,427 - application_logger - INFO - ---------------Finished tree test3.json---------------
2018-09-02 18:41:54,434 - application_logger - INFO - ***************Starting tree:***************
2018-09-02 18:41:54,458 - application_logger - INFO - Checking if sum: 46 is already in the db
2018-09-02 18:41:54,509 - application_logger - DEBUG - The sum -46- is already in the system! It was entered at: 2018-09-02 18:13:18
2018-09-02 18:41:54,517 - application_logger - INFO - ---------------Finished tree test4.json---------------
2018-09-02 18:42:36,344 - application_logger - INFO - Logger initiated
2018-09-02 18:42:36,351 - application_logger - INFO - Initiating app
2018-09-02 18:42:36,857 - application_logger - INFO - ***************Starting tree: json_test.json***************
2018-09-02 18:42:36,881 - application_logger - INFO - Checking if sum: 50 is already in the db
2018-09-02 18:42:36,938 - application_logger - DEBUG - The sum -50- is already in the system! It was entered at: 2018-09-02 18:13:18
2018-09-02 18:42:36,947 - application_logger - INFO - ---------------Finished tree json_test.json---------------
2018-09-02 18:42:36,952 - application_logger - INFO - ***************Starting tree: test2.json***************
2018-09-02 18:42:36,977 - application_logger - INFO - Checking if sum: 50 is already in the db
2018-09-02 18:42:37,053 - application_logger - DEBUG - The sum -50- is already in the system! It was entered at: 2018-09-02 18:13:18
2018-09-02 18:42:37,063 - application_logger - INFO - ---------------Finished tree test2.json---------------
2018-09-02 18:42:37,071 - application_logger - INFO - ***************Starting tree: test3.json***************
2018-09-02 18:42:37,088 - application_logger - INFO - Checking if sum: 46 is already in the db
2018-09-02 18:42:37,157 - application_logger - DEBUG - The sum -46- is already in the system! It was entered at: 2018-09-02 18:13:18
2018-09-02 18:42:37,163 - application_logger - INFO - ---------------Finished tree test3.json---------------
2018-09-02 18:42:37,169 - application_logger - INFO - ***************Starting tree: test4.json***************
2018-09-02 18:42:37,189 - application_logger - INFO - Checking if sum: 46 is already in the db
2018-09-02 18:42:37,240 - application_logger - DEBUG - The sum -46- is already in the system! It was entered at: 2018-09-02 18:13:18
2018-09-02 18:42:37,250 - application_logger - INFO - ---------------Finished tree test4.json---------------
2018-09-02 18:58:43,642 - application_logger - INFO - Logger initiated
2018-09-02 18:58:43,647 - application_logger - INFO - Initiating app
2018-09-02 18:58:44,138 - application_logger - INFO - ***************Starting tree: json_test.json***************
2018-09-02 18:58:44,174 - application_logger - INFO - Checking if sum: 50 is already in the db
2018-09-02 18:58:44,241 - application_logger - DEBUG - The sum -50- is already in the system! It was entered at: 2018-09-02 18:13:18
2018-09-02 18:58:44,249 - application_logger - INFO - ---------------Finished tree json_test.json---------------
2018-09-02 18:58:44,257 - application_logger - INFO - ***************Starting tree: test2.json***************
2018-09-02 18:58:44,281 - application_logger - INFO - Checking if sum: 50 is already in the db
2018-09-02 18:58:44,352 - application_logger - DEBUG - The sum -50- is already in the system! It was entered at: 2018-09-02 18:13:18
2018-09-02 18:58:44,362 - application_logger - INFO - ---------------Finished tree test2.json---------------
2018-09-02 18:58:44,372 - application_logger - INFO - ***************Starting tree: test3.json***************
2018-09-02 18:58:44,396 - application_logger - INFO - Checking if sum: 46 is already in the db
2018-09-02 18:58:44,468 - application_logger - DEBUG - The sum -46- is already in the system! It was entered at: 2018-09-02 18:13:18
2018-09-02 18:58:44,474 - application_logger - INFO - ---------------Finished tree test3.json---------------
2018-09-02 18:58:44,480 - application_logger - INFO - ***************Starting tree: test4.json***************
2018-09-02 18:58:44,492 - application_logger - INFO - Checking if sum: 46 is already in the db
2018-09-02 18:58:44,521 - application_logger - DEBUG - The sum -46- is already in the system! It was entered at: 2018-09-02 18:13:18
2018-09-02 18:58:44,525 - application_logger - INFO - ---------------Finished tree test4.json---------------
2018-09-02 19:05:04,146 - application_logger - INFO - Logger initiated
2018-09-02 19:05:04,153 - application_logger - INFO - Initiating app
2018-09-02 19:05:24,199 - application_logger - INFO - Logger initiated
2018-09-02 19:05:24,203 - application_logger - INFO - Initiating app
2018-09-02 19:05:24,689 - application_logger - INFO - ***************Starting tree: json_test.json***************
2018-09-02 19:05:24,715 - application_logger - INFO - Checking if sum: 50 is already in the db
2018-09-02 19:05:24,743 - application_logger - INFO - Adding sum: 50 to the db
2018-09-02 19:05:24,782 - application_logger - INFO - Sum 50 was added to the db successfully!
2018-09-02 19:05:24,786 - application_logger - INFO - ---------------Finished tree json_test.json---------------
2018-09-02 19:05:24,792 - application_logger - INFO - ***************Starting tree: test2.json***************
2018-09-02 19:05:24,810 - application_logger - INFO - Checking if sum: 50 is already in the db
2018-09-02 19:05:24,868 - application_logger - DEBUG - The sum -50- is already in the system! It was entered at: 2018-09-02 19:05:24
2018-09-02 19:05:24,880 - application_logger - INFO - ---------------Finished tree test2.json---------------
2018-09-02 19:05:24,888 - application_logger - INFO - ***************Starting tree: test3.json***************
2018-09-02 19:05:24,912 - application_logger - INFO - Checking if sum: 46 is already in the db
2018-09-02 19:05:24,956 - application_logger - INFO - Adding sum: 46 to the db
2018-09-02 19:05:25,000 - application_logger - INFO - Sum 46 was added to the db successfully!
2018-09-02 19:05:25,010 - application_logger - INFO - ---------------Finished tree test3.json---------------
2018-09-02 19:05:25,017 - application_logger - INFO - ***************Starting tree: test4.json***************
2018-09-02 19:05:25,037 - application_logger - INFO - Checking if sum: 46 is already in the db
2018-09-02 19:05:25,089 - application_logger - DEBUG - The sum -46- is already in the system! It was entered at: 2018-09-02 19:05:24
2018-09-02 19:05:25,096 - application_logger - INFO - ---------------Finished tree test4.json---------------
2018-09-02 19:18:05,001 - application_logger - INFO - Logger initiated
2018-09-02 19:18:05,039 - application_logger - INFO - Initiating app
2018-09-02 19:18:05,525 - application_logger - INFO - ***************Starting tree: json_test.json***************
2018-09-02 19:18:05,536 - application_logger - DEBUG - Initiating que with json tree from: /tmp/data/json_test.json
2018-09-02 19:18:05,557 - application_logger - DEBUG - Starting calculation on tree
2018-09-02 19:18:05,566 - application_logger - DEBUG - For json tree at: /tmp/data/json_test.json, got: 50 as the sum
2018-09-02 19:18:05,574 - application_logger - INFO - Checking if sum: 50 is already in the db
2018-09-02 19:19:14,406 - application_logger - INFO - Logger initiated
2018-09-02 19:19:14,477 - application_logger - INFO - Initiating app
2018-09-02 19:19:32,983 - application_logger - INFO - Logger initiated
2018-09-02 19:19:33,016 - application_logger - INFO - Initiating app
2018-09-02 19:19:33,479 - application_logger - INFO - ***************Starting tree: json_test.json***************
2018-09-02 19:19:33,493 - application_logger - DEBUG - Initiating que with json tree from: /tmp/data/json_test.json
2018-09-02 19:19:33,517 - application_logger - DEBUG - Starting calculation on tree
2018-09-02 19:19:33,525 - application_logger - DEBUG - For json tree at: /tmp/data/json_test.json, got: 50 as the sum
2018-09-02 19:19:33,533 - application_logger - INFO - Checking if sum: 50 is already in the db
2018-09-02 19:23:10,289 - application_logger - INFO - Logger initiated
2018-09-02 19:23:10,337 - application_logger - INFO - Initiating app
2018-09-02 19:23:26,470 - application_logger - INFO - Logger initiated
2018-09-02 19:23:26,502 - application_logger - INFO - Initiating app
2018-09-02 19:23:27,015 - application_logger - INFO - ***************Starting tree: json_test.json***************
2018-09-02 19:23:27,021 - application_logger - DEBUG - Initiating que with json tree from: /tmp/data/json_test.json
2018-09-02 19:23:27,040 - application_logger - DEBUG - Starting calculation on tree
2018-09-02 19:23:27,049 - application_logger - DEBUG - For json tree at: /tmp/data/json_test.json, got: 50 as the sum
2018-09-02 19:23:27,057 - application_logger - INFO - Checking if sum: 50 is already in the db
2018-09-02 19:23:27,088 - application_logger - INFO - Adding sum: 50 to the db
2018-09-02 19:23:27,117 - application_logger - INFO - Sum 50 was added to the db successfully!
2018-09-02 19:23:27,123 - application_logger - INFO - ---------------Finished tree json_test.json---------------
2018-09-02 19:23:27,131 - application_logger - INFO - ***************Starting tree: test2.json***************
2018-09-02 19:23:27,141 - application_logger - DEBUG - Initiating que with json tree from: /tmp/data/test2.json
2018-09-02 19:23:27,162 - application_logger - DEBUG - Starting calculation on tree
2018-09-02 19:23:27,172 - application_logger - DEBUG - For json tree at: /tmp/data/test2.json, got: 50 as the sum
2018-09-02 19:23:27,179 - application_logger - INFO - Checking if sum: 50 is already in the db
2018-09-02 19:23:27,228 - application_logger - DEBUG - The sum -50- is already in the system! It was entered at: 2018-09-02 19:23:27
2018-09-02 19:23:27,236 - application_logger - INFO - ---------------Finished tree test2.json---------------
2018-09-02 19:23:27,243 - application_logger - INFO - ***************Starting tree: test3.json***************
2018-09-02 19:23:27,248 - application_logger - DEBUG - Initiating que with json tree from: /tmp/data/test3.json
2018-09-02 19:23:27,263 - application_logger - DEBUG - Starting calculation on tree
2018-09-02 19:23:27,273 - application_logger - DEBUG - For json tree at: /tmp/data/test3.json, got: 46 as the sum
2018-09-02 19:23:27,281 - application_logger - INFO - Checking if sum: 46 is already in the db
2018-09-02 19:23:27,325 - application_logger - INFO - Adding sum: 46 to the db
2018-09-02 19:23:27,366 - application_logger - INFO - Sum 46 was added to the db successfully!
2018-09-02 19:23:27,374 - application_logger - INFO - ---------------Finished tree test3.json---------------
2018-09-02 19:23:27,381 - application_logger - INFO - ***************Starting tree: test4.json***************
2018-09-02 19:23:27,387 - application_logger - DEBUG - Initiating que with json tree from: /tmp/data/test4.json
2018-09-02 19:23:27,408 - application_logger - DEBUG - Starting calculation on tree
2018-09-02 19:23:27,416 - application_logger - DEBUG - For json tree at: /tmp/data/test4.json, got: 46 as the sum
2018-09-02 19:23:27,424 - application_logger - INFO - Checking if sum: 46 is already in the db
2018-09-02 19:23:27,476 - application_logger - DEBUG - The sum -46- is already in the system! It was entered at: 2018-09-02 19:23:27
2018-09-02 19:23:27,485 - application_logger - INFO - ---------------Finished tree test4.json---------------
2018-09-02 19:37:55,118 - application_logger - INFO - Logger initiated
2018-09-02 19:38:05,190 - application_logger - INFO - Initiating app
2018-09-02 19:39:45,146 - application_logger - INFO - Logger initiated
2018-09-02 19:39:55,190 - application_logger - INFO - Initiating app
2018-09-02 19:39:55,828 - application_logger - INFO - ***************Starting tree: json_test.json***************
2018-09-02 19:39:55,841 - application_logger - DEBUG - Initiating que with json tree from: /tmp/data/json_test.json
2018-09-02 19:39:55,863 - application_logger - DEBUG - Starting calculation on tree
2018-09-02 19:39:55,871 - application_logger - DEBUG - For json tree at: /tmp/data/json_test.json, got: 50 as the sum
2018-09-02 19:39:55,877 - application_logger - INFO - Checking if sum: 50 is already in the db
2018-09-02 19:39:55,901 - application_logger - INFO - Adding sum: 50 to the db
2018-09-02 19:39:55,941 - application_logger - INFO - Sum 50 was added to the db successfully!
2018-09-02 19:39:55,948 - application_logger - INFO - ---------------Finished tree json_test.json---------------
2018-09-02 19:39:55,955 - application_logger - INFO - ***************Starting tree: test2.json***************
2018-09-02 19:39:55,962 - application_logger - DEBUG - Initiating que with json tree from: /tmp/data/test2.json
2018-09-02 19:39:55,984 - application_logger - DEBUG - Starting calculation on tree
2018-09-02 19:39:55,990 - application_logger - DEBUG - For json tree at: /tmp/data/test2.json, got: 50 as the sum
2018-09-02 19:39:55,995 - application_logger - INFO - Checking if sum: 50 is already in the db
2018-09-02 19:39:56,056 - application_logger - DEBUG - The sum -50- is already in the system! It was entered at: 2018-09-02 19:39:55
2018-09-02 19:39:56,074 - application_logger - INFO - ---------------Finished tree test2.json---------------
2018-09-02 19:39:56,082 - application_logger - INFO - ***************Starting tree: test3.json***************
2018-09-02 19:39:56,089 - application_logger - DEBUG - Initiating que with json tree from: /tmp/data/test3.json
2018-09-02 19:39:56,113 - application_logger - DEBUG - Starting calculation on tree
2018-09-02 19:39:56,121 - application_logger - DEBUG - For json tree at: /tmp/data/test3.json, got: 46 as the sum
2018-09-02 19:39:56,128 - application_logger - INFO - Checking if sum: 46 is already in the db
2018-09-02 19:39:56,180 - application_logger - INFO - Adding sum: 46 to the db
2018-09-02 19:39:56,224 - application_logger - INFO - Sum 46 was added to the db successfully!
2018-09-02 19:39:56,230 - application_logger - INFO - ---------------Finished tree test3.json---------------
2018-09-02 19:39:56,237 - application_logger - INFO - ***************Starting tree: test4.json***************
2018-09-02 19:39:56,244 - application_logger - DEBUG - Initiating que with json tree from: /tmp/data/test4.json
2018-09-02 19:39:56,265 - application_logger - DEBUG - Starting calculation on tree
2018-09-02 19:39:56,276 - application_logger - DEBUG - For json tree at: /tmp/data/test4.json, got: 46 as the sum
2018-09-02 19:39:56,286 - application_logger - INFO - Checking if sum: 46 is already in the db
2018-09-02 19:39:56,330 - application_logger - DEBUG - The sum -46- is already in the system! It was entered at: 2018-09-02 19:39:56
2018-09-02 19:39:56,338 - application_logger - INFO - ---------------Finished tree test4.json---------------
2018-09-02 19:40:26,811 - application_logger - INFO - Logger initiated
2018-09-02 19:40:36,859 - application_logger - INFO - Initiating app
2018-09-02 19:40:37,474 - application_logger - INFO - ***************Starting tree: json_test.json***************
2018-09-02 19:40:37,484 - application_logger - DEBUG - Initiating que with json tree from: /tmp/data/json_test.json
2018-09-02 19:40:37,502 - application_logger - DEBUG - Starting calculation on tree
2018-09-02 19:40:37,507 - application_logger - DEBUG - For json tree at: /tmp/data/json_test.json, got: 50 as the sum
2018-09-02 19:40:37,512 - application_logger - INFO - Checking if sum: 50 is already in the db
2018-09-02 19:40:37,564 - application_logger - DEBUG - The sum -50- is already in the system! It was entered at: 2018-09-02 19:39:55
2018-09-02 19:40:37,571 - application_logger - INFO - ---------------Finished tree json_test.json---------------
2018-09-02 19:40:37,577 - application_logger - INFO - ***************Starting tree: test2.json***************
2018-09-02 19:40:37,588 - application_logger - DEBUG - Initiating que with json tree from: /tmp/data/test2.json
2018-09-02 19:40:37,612 - application_logger - DEBUG - Starting calculation on tree
2018-09-02 19:40:37,621 - application_logger - DEBUG - For json tree at: /tmp/data/test2.json, got: 50 as the sum
2018-09-02 19:40:37,632 - application_logger - INFO - Checking if sum: 50 is already in the db
2018-09-02 19:40:37,707 - application_logger - DEBUG - The sum -50- is already in the system! It was entered at: 2018-09-02 19:39:55
2018-09-02 19:40:37,714 - application_logger - INFO - ---------------Finished tree test2.json---------------
2018-09-02 19:40:37,721 - application_logger - INFO - ***************Starting tree: test3.json***************
2018-09-02 19:40:37,728 - application_logger - DEBUG - Initiating que with json tree from: /tmp/data/test3.json
2018-09-02 19:40:37,761 - application_logger - DEBUG - Starting calculation on tree
2018-09-02 19:40:37,768 - application_logger - DEBUG - For json tree at: /tmp/data/test3.json, got: 46 as the sum
2018-09-02 19:40:37,775 - application_logger - INFO - Checking if sum: 46 is already in the db
2018-09-02 19:40:37,864 - application_logger - DEBUG - The sum -46- is already in the system! It was entered at: 2018-09-02 19:39:56
2018-09-02 19:40:37,875 - application_logger - INFO - ---------------Finished tree test3.json---------------
2018-09-02 19:40:37,881 - application_logger - INFO - ***************Starting tree: test4.json***************
2018-09-02 19:40:37,895 - application_logger - DEBUG - Initiating que with json tree from: /tmp/data/test4.json
2018-09-02 19:40:37,923 - application_logger - DEBUG - Starting calculation on tree
2018-09-02 19:40:37,934 - application_logger - DEBUG - For json tree at: /tmp/data/test4.json, got: 46 as the sum
2018-09-02 19:40:37,942 - application_logger - INFO - Checking if sum: 46 is already in the db
2018-09-02 19:40:38,022 - application_logger - DEBUG - The sum -46- is already in the system! It was entered at: 2018-09-02 19:39:56
2018-09-02 19:40:38,032 - application_logger - INFO - ---------------Finished tree test4.json---------------
2018-09-02 19:48:24,769 - application_logger - INFO - Logger initiated
2018-09-02 19:48:35,116 - application_logger - INFO - Initiating app
2018-09-02 19:49:12,311 - application_logger - INFO - Logger initiated
2018-09-02 19:49:22,353 - application_logger - INFO - Initiating app
2018-09-02 19:49:22,961 - application_logger - INFO - ***************Starting tree: json_test.json***************
2018-09-02 19:49:22,974 - application_logger - DEBUG - Initiating que with json tree from: /tmp/data/json_test.json
2018-09-02 19:49:22,993 - application_logger - DEBUG - Starting calculation on tree
2018-09-02 19:49:23,003 - application_logger - DEBUG - For json tree at: /tmp/data/json_test.json, got: 50 as the sum
2018-09-02 19:49:23,010 - application_logger - INFO - Checking if sum: 50 is already in the db
2018-09-02 19:49:23,035 - application_logger - INFO - Adding sum: 50 to the db
2018-09-02 19:49:23,076 - application_logger - INFO - Sum 50 was added to the db successfully!
2018-09-02 19:49:23,081 - application_logger - INFO - ---------------Finished tree json_test.json---------------
2018-09-02 19:49:23,088 - application_logger - INFO - ***************Starting tree: test2.json***************
2018-09-02 19:49:23,098 - application_logger - DEBUG - Initiating que with json tree from: /tmp/data/test2.json
2018-09-02 19:49:23,118 - application_logger - DEBUG - Starting calculation on tree
2018-09-02 19:49:23,130 - application_logger - DEBUG - For json tree at: /tmp/data/test2.json, got: 50 as the sum
2018-09-02 19:49:23,137 - application_logger - INFO - Checking if sum: 50 is already in the db
2018-09-02 19:49:23,202 - application_logger - DEBUG - The sum -50- is already in the system! It was entered at: 2018-09-02 19:49:23
2018-09-02 19:49:23,210 - application_logger - INFO - ---------------Finished tree test2.json---------------
2018-09-02 19:49:23,217 - application_logger - INFO - ***************Starting tree: test3.json***************
2018-09-02 19:49:23,227 - application_logger - DEBUG - Initiating que with json tree from: /tmp/data/test3.json
2018-09-02 19:49:23,250 - application_logger - DEBUG - Starting calculation on tree
2018-09-02 19:49:23,263 - application_logger - DEBUG - For json tree at: /tmp/data/test3.json, got: 46 as the sum
2018-09-02 19:49:23,270 - application_logger - INFO - Checking if sum: 46 is already in the db
2018-09-02 19:49:23,311 - application_logger - INFO - Adding sum: 46 to the db
2018-09-02 19:49:23,359 - application_logger - INFO - Sum 46 was added to the db successfully!
2018-09-02 19:49:23,367 - application_logger - INFO - ---------------Finished tree test3.json---------------
2018-09-02 19:49:23,374 - application_logger - INFO - ***************Starting tree: test4.json***************
2018-09-02 19:49:23,381 - application_logger - DEBUG - Initiating que with json tree from: /tmp/data/test4.json
2018-09-02 19:49:23,406 - application_logger - DEBUG - Starting calculation on tree
2018-09-02 19:49:23,413 - application_logger - DEBUG - For json tree at: /tmp/data/test4.json, got: 46 as the sum
2018-09-02 19:49:23,422 - application_logger - INFO - Checking if sum: 46 is already in the db
2018-09-02 19:49:23,474 - application_logger - DEBUG - The sum -46- is already in the system! It was entered at: 2018-09-02 19:49:23
2018-09-02 19:49:23,481 - application_logger - INFO - ---------------Finished tree test4.json---------------
2018-09-02 19:50:01,984 - application_logger - INFO - Logger initiated
2018-09-02 19:50:12,034 - application_logger - INFO - Initiating app
2018-09-02 19:50:12,583 - application_logger - INFO - ***************Starting tree: json_test.json***************
2018-09-02 19:50:12,596 - application_logger - DEBUG - Initiating que with json tree from: /tmp/data/json_test.json
2018-09-02 19:50:12,618 - application_logger - DEBUG - Starting calculation on tree
2018-09-02 19:50:12,628 - application_logger - DEBUG - For json tree at: /tmp/data/json_test.json, got: 50 as the sum
2018-09-02 19:50:12,636 - application_logger - INFO - Checking if sum: 50 is already in the db
2018-09-02 19:50:12,690 - application_logger - DEBUG - The sum -50- is already in the system! It was entered at: 2018-09-02 19:49:23
2018-09-02 19:50:12,697 - application_logger - INFO - ---------------Finished tree json_test.json---------------
2018-09-02 19:50:12,703 - application_logger - INFO - ***************Starting tree: test2.json***************
2018-09-02 19:50:12,709 - application_logger - DEBUG - Initiating que with json tree from: /tmp/data/test2.json
2018-09-02 19:50:12,731 - application_logger - DEBUG - Starting calculation on tree
2018-09-02 19:50:12,739 - application_logger - DEBUG - For json tree at: /tmp/data/test2.json, got: 50 as the sum
2018-09-02 19:50:12,745 - application_logger - INFO - Checking if sum: 50 is already in the db
2018-09-02 19:50:12,798 - application_logger - DEBUG - The sum -50- is already in the system! It was entered at: 2018-09-02 19:49:23
2018-09-02 19:50:12,806 - application_logger - INFO - ---------------Finished tree test2.json---------------
2018-09-02 19:50:12,811 - application_logger - INFO - ***************Starting tree: test3.json***************
2018-09-02 19:50:12,818 - application_logger - DEBUG - Initiating que with json tree from: /tmp/data/test3.json
2018-09-02 19:50:12,837 - application_logger - DEBUG - Starting calculation on tree
2018-09-02 19:50:12,844 - application_logger - DEBUG - For json tree at: /tmp/data/test3.json, got: 46 as the sum
2018-09-02 19:50:12,851 - application_logger - INFO - Checking if sum: 46 is already in the db
2018-09-02 19:50:12,917 - application_logger - DEBUG - The sum -46- is already in the system! It was entered at: 2018-09-02 19:49:23
2018-09-02 19:50:12,927 - application_logger - INFO - ---------------Finished tree test3.json---------------
2018-09-02 19:50:12,934 - application_logger - INFO - ***************Starting tree: test4.json***************
2018-09-02 19:50:12,942 - application_logger - DEBUG - Initiating que with json tree from: /tmp/data/test4.json
2018-09-02 19:50:12,963 - application_logger - DEBUG - Starting calculation on tree
2018-09-02 19:50:12,973 - application_logger - DEBUG - For json tree at: /tmp/data/test4.json, got: 46 as the sum
2018-09-02 19:50:12,980 - application_logger - INFO - Checking if sum: 46 is already in the db
2018-09-02 19:50:13,055 - application_logger - DEBUG - The sum -46- is already in the system! It was entered at: 2018-09-02 19:49:23
2018-09-02 19:50:13,061 - application_logger - INFO - ---------------Finished tree test4.json---------------
2018-09-02 19:57:45,468 - application_logger - INFO - Logger initiated
2018-09-02 19:57:56,000 - application_logger - INFO - Initiating app
2018-09-02 19:59:52,725 - application_logger - INFO - Logger initiated
2018-09-02 20:00:02,770 - application_logger - INFO - Initiating app
2018-09-02 20:00:03,423 - application_logger - INFO - ***************Starting tree: json_test.json***************
2018-09-02 20:00:03,439 - application_logger - DEBUG - Initiating que with json tree from: /tmp/data/json_test.json
2018-09-02 20:00:03,458 - application_logger - DEBUG - Starting calculation on tree
2018-09-02 20:00:03,467 - application_logger - DEBUG - For json tree at: /tmp/data/json_test.json, got: 50 as the sum
2018-09-02 20:00:03,475 - application_logger - INFO - Checking if sum: 50 is already in the db
2018-09-02 20:00:03,495 - application_logger - INFO - Adding sum: 50 to the db
2018-09-02 20:00:03,536 - application_logger - INFO - Sum 50 was added to the db successfully!
2018-09-02 20:00:03,544 - application_logger - INFO - ---------------Finished tree json_test.json---------------
2018-09-02 20:00:03,552 - application_logger - INFO - ***************Starting tree: test2.json***************
2018-09-02 20:00:03,561 - application_logger - DEBUG - Initiating que with json tree from: /tmp/data/test2.json
2018-09-02 20:00:03,581 - application_logger - DEBUG - Starting calculation on tree
2018-09-02 20:00:03,588 - application_logger - DEBUG - For json tree at: /tmp/data/test2.json, got: 50 as the sum
2018-09-02 20:00:03,594 - application_logger - INFO - Checking if sum: 50 is already in the db
2018-09-02 20:00:03,646 - application_logger - DEBUG - The sum -50- is already in the system! It was entered at: 2018-09-02 20:00:03
2018-09-02 20:00:03,654 - application_logger - INFO - ---------------Finished tree test2.json---------------
2018-09-02 20:00:03,663 - application_logger - INFO - ***************Starting tree: test3.json***************
2018-09-02 20:00:03,669 - application_logger - DEBUG - Initiating que with json tree from: /tmp/data/test3.json
2018-09-02 20:00:03,695 - application_logger - DEBUG - Starting calculation on tree
2018-09-02 20:00:03,702 - application_logger - DEBUG - For json tree at: /tmp/data/test3.json, got: 46 as the sum
2018-09-02 20:00:03,710 - application_logger - INFO - Checking if sum: 46 is already in the db
2018-09-02 20:00:03,756 - application_logger - INFO - Adding sum: 46 to the db
2018-09-02 20:00:03,806 - application_logger - INFO - Sum 46 was added to the db successfully!
2018-09-02 20:00:03,815 - application_logger - INFO - ---------------Finished tree test3.json---------------
2018-09-02 20:00:03,824 - application_logger - INFO - ***************Starting tree: test4.json***************
2018-09-02 20:00:03,834 - application_logger - DEBUG - Initiating que with json tree from: /tmp/data/test4.json
2018-09-02 20:00:03,855 - application_logger - DEBUG - Starting calculation on tree
2018-09-02 20:00:03,863 - application_logger - DEBUG - For json tree at: /tmp/data/test4.json, got: 46 as the sum
2018-09-02 20:00:03,870 - application_logger - INFO - Checking if sum: 46 is already in the db
2018-09-02 20:00:03,920 - application_logger - DEBUG - The sum -46- is already in the system! It was entered at: 2018-09-02 20:00:03
2018-09-02 20:00:03,929 - application_logger - INFO - ---------------Finished tree test4.json---------------
2018-09-02 20:00:40,273 - application_logger - INFO - Logger initiated
2018-09-02 20:00:50,320 - application_logger - INFO - Initiating app
2018-09-02 20:00:50,853 - application_logger - INFO - ***************Starting tree: json_test.json***************
2018-09-02 20:00:50,860 - application_logger - DEBUG - Initiating que with json tree from: /tmp/data/json_test.json
2018-09-02 20:00:50,880 - application_logger - DEBUG - Starting calculation on tree
2018-09-02 20:00:50,888 - application_logger - DEBUG - For json tree at: /tmp/data/json_test.json, got: 50 as the sum
2018-09-02 20:00:50,895 - application_logger - INFO - Checking if sum: 50 is already in the db
2018-09-02 20:00:50,953 - application_logger - DEBUG - The sum -50- is already in the system! It was entered at: 2018-09-02 20:00:03
2018-09-02 20:00:50,960 - application_logger - INFO - ---------------Finished tree json_test.json---------------
2018-09-02 20:00:50,967 - application_logger - INFO - ***************Starting tree: test2.json***************
2018-09-02 20:00:50,974 - application_logger - DEBUG - Initiating que with json tree from: /tmp/data/test2.json
2018-09-02 20:00:50,993 - application_logger - DEBUG - Starting calculation on tree
2018-09-02 20:00:51,001 - application_logger - DEBUG - For json tree at: /tmp/data/test2.json, got: 50 as the sum
2018-09-02 20:00:51,009 - application_logger - INFO - Checking if sum: 50 is already in the db
2018-09-02 20:00:51,073 - application_logger - DEBUG - The sum -50- is already in the system! It was entered at: 2018-09-02 20:00:03
2018-09-02 20:00:51,086 - application_logger - INFO - ---------------Finished tree test2.json---------------
2018-09-02 20:00:51,094 - application_logger - INFO - ***************Starting tree: test3.json***************
2018-09-02 20:00:51,102 - application_logger - DEBUG - Initiating que with json tree from: /tmp/data/test3.json
2018-09-02 20:00:51,119 - application_logger - DEBUG - Starting calculation on tree
2018-09-02 20:00:51,127 - application_logger - DEBUG - For json tree at: /tmp/data/test3.json, got: 46 as the sum
2018-09-02 20:00:51,134 - application_logger - INFO - Checking if sum: 46 is already in the db
2018-09-02 20:00:51,208 - application_logger - DEBUG - The sum -46- is already in the system! It was entered at: 2018-09-02 20:00:03
2018-09-02 20:00:51,220 - application_logger - INFO - ---------------Finished tree test3.json---------------
2018-09-02 20:00:51,234 - application_logger - INFO - ***************Starting tree: test4.json***************
2018-09-02 20:00:51,243 - application_logger - DEBUG - Initiating que with json tree from: /tmp/data/test4.json
2018-09-02 20:00:51,269 - application_logger - DEBUG - Starting calculation on tree
2018-09-02 20:00:51,277 - application_logger - DEBUG - For json tree at: /tmp/data/test4.json, got: 46 as the sum
2018-09-02 20:00:51,285 - application_logger - INFO - Checking if sum: 46 is already in the db
2018-09-02 20:00:51,356 - application_logger - DEBUG - The sum -46- is already in the system! It was entered at: 2018-09-02 20:00:03
2018-09-02 20:00:51,365 - application_logger - INFO - ---------------Finished tree test4.json---------------
2018-09-02 20:01:18,681 - application_logger - INFO - Logger initiated
2018-09-02 20:01:28,730 - application_logger - INFO - Initiating app
2018-09-02 20:01:29,262 - application_logger - INFO - ***************Starting tree: json_test.json***************
2018-09-02 20:01:29,272 - application_logger - DEBUG - Initiating que with json tree from: /tmp/data/json_test.json
2018-09-02 20:01:29,298 - application_logger - DEBUG - Starting calculation on tree
2018-09-02 20:01:29,307 - application_logger - DEBUG - For json tree at: /tmp/data/json_test.json, got: 50 as the sum
2018-09-02 20:01:29,315 - application_logger - INFO - Checking if sum: 50 is already in the db
2018-09-02 20:01:29,376 - application_logger - DEBUG - The sum -50- is already in the system! It was entered at: 2018-09-02 20:00:03
2018-09-02 20:01:29,383 - application_logger - INFO - ---------------Finished tree json_test.json---------------
2018-09-02 20:01:29,391 - application_logger - INFO - ***************Starting tree: test2.json***************
2018-09-02 20:01:29,399 - application_logger - DEBUG - Initiating que with json tree from: /tmp/data/test2.json
2018-09-02 20:01:29,422 - application_logger - DEBUG - Starting calculation on tree
2018-09-02 20:01:29,431 - application_logger - DEBUG - For json tree at: /tmp/data/test2.json, got: 50 as the sum
2018-09-02 20:01:29,441 - application_logger - INFO - Checking if sum: 50 is already in the db
2018-09-02 20:01:29,504 - application_logger - DEBUG - The sum -50- is already in the system! It was entered at: 2018-09-02 20:00:03
2018-09-02 20:01:29,511 - application_logger - INFO - ---------------Finished tree test2.json---------------
2018-09-02 20:01:29,517 - application_logger - INFO - ***************Starting tree: test3.json***************
2018-09-02 20:01:29,521 - application_logger - DEBUG - Initiating que with json tree from: /tmp/data/test3.json
2018-09-02 20:01:29,537 - application_logger - DEBUG - Starting calculation on tree
2018-09-02 20:01:29,544 - application_logger - DEBUG - For json tree at: /tmp/data/test3.json, got: 46 as the sum
2018-09-02 20:01:29,551 - application_logger - INFO - Checking if sum: 46 is already in the db
2018-09-02 20:01:29,614 - application_logger - DEBUG - The sum -46- is already in the system! It was entered at: 2018-09-02 20:00:03
2018-09-02 20:01:29,620 - application_logger - INFO - ---------------Finished tree test3.json---------------
2018-09-02 20:01:29,627 - application_logger - INFO - ***************Starting tree: test4.json***************
2018-09-02 20:01:29,633 - application_logger - DEBUG - Initiating que with json tree from: /tmp/data/test4.json
2018-09-02 20:01:29,656 - application_logger - DEBUG - Starting calculation on tree
2018-09-02 20:01:29,668 - application_logger - DEBUG - For json tree at: /tmp/data/test4.json, got: 46 as the sum
2018-09-02 20:01:29,675 - application_logger - INFO - Checking if sum: 46 is already in the db
2018-09-02 20:01:29,744 - application_logger - DEBUG - The sum -46- is already in the system! It was entered at: 2018-09-02 20:00:03
2018-09-02 20:01:29,749 - application_logger - INFO - ---------------Finished tree test4.json---------------
2018-09-02 20:01:56,195 - application_logger - INFO - Logger initiated
2018-09-02 20:02:06,244 - application_logger - INFO - Initiating app
2018-09-02 20:02:06,738 - application_logger - INFO - ***************Starting tree: json_test.json***************
2018-09-02 20:02:06,746 - application_logger - DEBUG - Initiating que with json tree from: /tmp/data/json_test.json
2018-09-02 20:02:06,758 - application_logger - DEBUG - Starting calculation on tree
2018-09-02 20:02:06,764 - application_logger - DEBUG - For json tree at: /tmp/data/json_test.json, got: 50 as the sum
2018-09-02 20:02:06,768 - application_logger - INFO - Checking if sum: 50 is already in the db
2018-09-02 20:02:06,823 - application_logger - DEBUG - The sum -50- is already in the system! It was entered at: 2018-09-02 20:00:03
2018-09-02 20:02:06,830 - application_logger - INFO - ---------------Finished tree json_test.json---------------
2018-09-02 20:02:06,837 - application_logger - INFO - ***************Starting tree: test2.json***************
2018-09-02 20:02:06,842 - application_logger - DEBUG - Initiating que with json tree from: /tmp/data/test2.json
2018-09-02 20:02:06,858 - application_logger - DEBUG - Starting calculation on tree
2018-09-02 20:02:06,865 - application_logger - DEBUG - For json tree at: /tmp/data/test2.json, got: 50 as the sum
2018-09-02 20:02:06,871 - application_logger - INFO - Checking if sum: 50 is already in the db
2018-09-02 20:02:06,923 - application_logger - DEBUG - The sum -50- is already in the system! It was entered at: 2018-09-02 20:00:03
2018-09-02 20:02:06,928 - application_logger - INFO - ---------------Finished tree test2.json---------------
2018-09-02 20:02:06,934 - application_logger - INFO - ***************Starting tree: test3.json***************
2018-09-02 20:02:06,939 - application_logger - DEBUG - Initiating que with json tree from: /tmp/data/test3.json
2018-09-02 20:02:06,957 - application_logger - DEBUG - Starting calculation on tree
2018-09-02 20:02:06,965 - application_logger - DEBUG - For json tree at: /tmp/data/test3.json, got: 46 as the sum
2018-09-02 20:02:06,972 - application_logger - INFO - Checking if sum: 46 is already in the db
2018-09-02 20:02:07,044 - application_logger - DEBUG - The sum -46- is already in the system! It was entered at: 2018-09-02 20:00:03
2018-09-02 20:02:07,052 - application_logger - INFO - ---------------Finished tree test3.json---------------
2018-09-02 20:02:07,057 - application_logger - INFO - ***************Starting tree: test4.json***************
2018-09-02 20:02:07,063 - application_logger - DEBUG - Initiating que with json tree from: /tmp/data/test4.json
2018-09-02 20:02:07,086 - application_logger - DEBUG - Starting calculation on tree
2018-09-02 20:02:07,095 - application_logger - DEBUG - For json tree at: /tmp/data/test4.json, got: 46 as the sum
2018-09-02 20:02:07,103 - application_logger - INFO - Checking if sum: 46 is already in the db
2018-09-02 20:02:07,177 - application_logger - DEBUG - The sum -46- is already in the system! It was entered at: 2018-09-02 20:00:03
2018-09-02 20:02:07,184 - application_logger - INFO - ---------------Finished tree test4.json---------------
2018-09-02 20:09:29,621 - application_logger - INFO - Logger initiated
2018-09-02 20:09:39,661 - application_logger - INFO - Initiating app
2018-09-02 20:09:40,219 - application_logger - INFO - ***************Starting tree: json_test.json***************
2018-09-02 20:09:40,227 - application_logger - DEBUG - Initiating que with json tree from: /tmp/data/json_test.json
2018-09-02 20:09:40,242 - application_logger - DEBUG - Starting calculation on tree
2018-09-02 20:09:40,248 - application_logger - DEBUG - For json tree at: /tmp/data/json_test.json, got: 50 as the sum
2018-09-02 20:09:40,254 - application_logger - INFO - Checking if sum: 50 is already in the db
2018-09-02 20:09:40,296 - application_logger - DEBUG - The sum -50- is already in the system! It was entered at: 2018-09-02 20:00:03
2018-09-02 20:09:40,304 - application_logger - INFO - ---------------Finished tree json_test.json---------------
2018-09-02 20:09:40,312 - application_logger - INFO - ***************Starting tree: test2.json***************
2018-09-02 20:09:40,319 - application_logger - DEBUG - Initiating que with json tree from: /tmp/data/test2.json
2018-09-02 20:09:40,336 - application_logger - DEBUG - Starting calculation on tree
2018-09-02 20:09:40,341 - application_logger - DEBUG - For json tree at: /tmp/data/test2.json, got: 50 as the sum
2018-09-02 20:09:40,348 - application_logger - INFO - Checking if sum: 50 is already in the db
2018-09-02 20:09:40,396 - application_logger - DEBUG - The sum -50- is already in the system! It was entered at: 2018-09-02 20:00:03
2018-09-02 20:09:40,402 - application_logger - INFO - ---------------Finished tree test2.json---------------
2018-09-02 20:09:40,409 - application_logger - INFO - ***************Starting tree: test3.json***************
2018-09-02 20:09:40,419 - application_logger - DEBUG - Initiating que with json tree from: /tmp/data/test3.json
2018-09-02 20:09:40,439 - application_logger - DEBUG - Starting calculation on tree
2018-09-02 20:09:40,446 - application_logger - DEBUG - For json tree at: /tmp/data/test3.json, got: 46 as the sum
2018-09-02 20:09:40,454 - application_logger - INFO - Checking if sum: 46 is already in the db
2018-09-02 20:09:40,520 - application_logger - DEBUG - The sum -46- is already in the system! It was entered at: 2018-09-02 20:00:03
2018-09-02 20:09:40,533 - application_logger - INFO - ---------------Finished tree test3.json---------------
2018-09-02 20:09:40,537 - application_logger - INFO - ***************Starting tree: test4.json***************
2018-09-02 20:09:40,546 - application_logger - DEBUG - Initiating que with json tree from: /tmp/data/test4.json
2018-09-02 20:09:40,568 - application_logger - DEBUG - Starting calculation on tree
2018-09-02 20:09:40,575 - application_logger - DEBUG - For json tree at: /tmp/data/test4.json, got: 46 as the sum
2018-09-02 20:09:40,583 - application_logger - INFO - Checking if sum: 46 is already in the db
2018-09-02 20:09:40,655 - application_logger - DEBUG - The sum -46- is already in the system! It was entered at: 2018-09-02 20:00:03
2018-09-02 20:09:40,664 - application_logger - INFO - ---------------Finished tree test4.json---------------
2018-09-02 20:15:51,578 - application_logger - INFO - Logger initiated
2018-09-02 20:16:01,622 - application_logger - INFO - Initiating app
2018-09-02 20:16:02,175 - application_logger - INFO - ***************Starting tree: json_test.json***************
2018-09-02 20:16:02,184 - application_logger - DEBUG - Initiating que with json tree from: /tmp/data/json_test.json
2018-09-02 20:16:02,203 - application_logger - DEBUG - Starting calculation on tree
2018-09-02 20:16:02,208 - application_logger - DEBUG - For json tree at: /tmp/data/json_test.json, got: 50 as the sum
2018-09-02 20:16:02,214 - application_logger - INFO - Checking if sum: 50 is already in the db
2018-09-02 20:16:02,284 - application_logger - DEBUG - The sum -50- is already in the system! It was entered at: 2018-09-02 20:00:03
2018-09-02 20:16:02,291 - application_logger - INFO - ---------------Finished tree json_test.json---------------
2018-09-02 20:16:02,299 - application_logger - INFO - ***************Starting tree: test2.json***************
2018-09-02 20:16:02,308 - application_logger - DEBUG - Initiating que with json tree from: /tmp/data/test2.json
2018-09-02 20:16:02,329 - application_logger - DEBUG - Starting calculation on tree
2018-09-02 20:16:02,337 - application_logger - DEBUG - For json tree at: /tmp/data/test2.json, got: 50 as the sum
2018-09-02 20:16:02,346 - application_logger - INFO - Checking if sum: 50 is already in the db
2018-09-02 20:16:02,408 - application_logger - DEBUG - The sum -50- is already in the system! It was entered at: 2018-09-02 20:00:03
2018-09-02 20:16:02,416 - application_logger - INFO - ---------------Finished tree test2.json---------------
2018-09-02 20:16:02,424 - application_logger - INFO - ***************Starting tree: test3.json***************
2018-09-02 20:16:02,432 - application_logger - DEBUG - Initiating que with json tree from: /tmp/data/test3.json
2018-09-02 20:16:02,458 - application_logger - DEBUG - Starting calculation on tree
2018-09-02 20:16:02,465 - application_logger - DEBUG - For json tree at: /tmp/data/test3.json, got: 46 as the sum
2018-09-02 20:16:02,476 - application_logger - INFO - Checking if sum: 46 is already in the db
2018-09-02 20:16:02,543 - application_logger - DEBUG - The sum -46- is already in the system! It was entered at: 2018-09-02 20:00:03
2018-09-02 20:16:02,550 - application_logger - INFO - ---------------Finished tree test3.json---------------
2018-09-02 20:16:02,558 - application_logger - INFO - ***************Starting tree: test4.json***************
2018-09-02 20:16:02,568 - application_logger - DEBUG - Initiating que with json tree from: /tmp/data/test4.json
2018-09-02 20:16:02,590 - application_logger - DEBUG - Starting calculation on tree
2018-09-02 20:16:02,598 - application_logger - DEBUG - For json tree at: /tmp/data/test4.json, got: 46 as the sum
2018-09-02 20:16:02,609 - application_logger - INFO - Checking if sum: 46 is already in the db
2018-09-02 20:16:02,686 - application_logger - DEBUG - The sum -46- is already in the system! It was entered at: 2018-09-02 20:00:03
2018-09-02 20:16:02,695 - application_logger - INFO - ---------------Finished tree test4.json---------------
2018-09-02 20:21:59,597 - application_logger - INFO - Logger initiated
2018-09-02 20:22:09,678 - application_logger - INFO - Initiating app
2018-09-02 20:22:10,644 - application_logger - INFO - ***************Starting tree: test1_50.json***************
2018-09-02 20:22:10,651 - application_logger - DEBUG - Initiating que with json tree from: /tmp/data/test1_50.json
2018-09-02 20:22:10,702 - application_logger - DEBUG - Starting calculation on tree
2018-09-02 20:22:10,712 - application_logger - DEBUG - For json tree at: /tmp/data/test1_50.json, got: 50 as the sum
2018-09-02 20:22:10,718 - application_logger - INFO - Checking if sum: 50 is already in the db
2018-09-02 20:22:10,768 - application_logger - DEBUG - The sum -50- is already in the system! It was entered at: 2018-09-02 20:00:03
2018-09-02 20:22:10,780 - application_logger - INFO - ---------------Finished tree test1_50.json---------------
2018-09-02 20:22:10,787 - application_logger - INFO - ***************Starting tree: test2_50.json***************
2018-09-02 20:22:10,803 - application_logger - DEBUG - Initiating que with json tree from: /tmp/data/test2_50.json
2018-09-02 20:22:10,835 - application_logger - DEBUG - Starting calculation on tree
2018-09-02 20:22:10,844 - application_logger - DEBUG - For json tree at: /tmp/data/test2_50.json, got: 50 as the sum
2018-09-02 20:22:10,851 - application_logger - INFO - Checking if sum: 50 is already in the db
2018-09-02 20:22:10,918 - application_logger - DEBUG - The sum -50- is already in the system! It was entered at: 2018-09-02 20:00:03
2018-09-02 20:22:10,933 - application_logger - INFO - ---------------Finished tree test2_50.json---------------
2018-09-02 20:22:10,942 - application_logger - INFO - ***************Starting tree: test3_46.json***************
2018-09-02 20:22:10,950 - application_logger - DEBUG - Initiating que with json tree from: /tmp/data/test3_46.json
2018-09-02 20:22:10,969 - application_logger - DEBUG - Starting calculation on tree
2018-09-02 20:22:10,976 - application_logger - DEBUG - For json tree at: /tmp/data/test3_46.json, got: 46 as the sum
2018-09-02 20:22:10,983 - application_logger - INFO - Checking if sum: 46 is already in the db
2018-09-02 20:22:11,061 - application_logger - DEBUG - The sum -46- is already in the system! It was entered at: 2018-09-02 20:00:03
2018-09-02 20:22:11,070 - application_logger - INFO - ---------------Finished tree test3_46.json---------------
2018-09-02 20:22:11,078 - application_logger - INFO - ***************Starting tree: test4_46.json***************
2018-09-02 20:22:11,086 - application_logger - DEBUG - Initiating que with json tree from: /tmp/data/test4_46.json
2018-09-02 20:22:11,107 - application_logger - DEBUG - Starting calculation on tree
2018-09-02 20:22:11,115 - application_logger - DEBUG - For json tree at: /tmp/data/test4_46.json, got: 46 as the sum
2018-09-02 20:22:11,122 - application_logger - INFO - Checking if sum: 46 is already in the db
2018-09-02 20:22:11,200 - application_logger - DEBUG - The sum -46- is already in the system! It was entered at: 2018-09-02 20:00:03
2018-09-02 20:22:11,208 - application_logger - INFO - ---------------Finished tree test4_46.json---------------
2018-09-02 20:22:11,215 - application_logger - INFO - ***************Starting tree: test5_90.json***************
2018-09-02 20:22:11,223 - application_logger - DEBUG - Initiating que with json tree from: /tmp/data/test5_90.json
2018-09-02 20:22:11,246 - application_logger - DEBUG - Starting calculation on tree
2018-09-02 20:22:11,255 - application_logger - DEBUG - For json tree at: /tmp/data/test5_90.json, got: 90 as the sum
2018-09-02 20:22:11,264 - application_logger - INFO - Checking if sum: 90 is already in the db
2018-09-02 20:22:11,292 - application_logger - INFO - Adding sum: 90 to the db
2018-09-02 20:22:11,337 - application_logger - INFO - Sum 90 was added to the db successfully!
2018-09-02 20:22:11,345 - application_logger - INFO - ---------------Finished tree test5_90.json---------------
2018-09-02 21:02:18,987 - application_logger - INFO - Logger initiated
2018-09-02 21:02:29,097 - application_logger - INFO - Initiating app
2018-09-02 21:02:30,238 - application_logger - INFO - ***************Starting tree: test1_50.json***************
2018-09-02 21:02:30,261 - application_logger - DEBUG - Initiating que with json tree from: /tmp/data/test1_50.json
2018-09-02 21:02:30,298 - application_logger - DEBUG - Starting calculation on tree
2018-09-02 21:02:30,314 - application_logger - DEBUG - For json tree at: /tmp/data/test1_50.json, got: 50 as the sum
2018-09-02 21:02:30,335 - application_logger - INFO - Checking if sum: 50 is already in the db
2018-09-02 21:02:30,467 - application_logger - DEBUG - The sum -50- is already in the system! It was entered at: 2018-09-02 20:00:03
2018-09-02 21:02:30,485 - application_logger - INFO - ---------------Finished tree test1_50.json---------------
2018-09-02 21:02:30,498 - application_logger - INFO - ***************Starting tree: test2_50.json***************
2018-09-02 21:02:30,503 - application_logger - DEBUG - Initiating que with json tree from: /tmp/data/test2_50.json
2018-09-02 21:02:30,534 - application_logger - DEBUG - Starting calculation on tree
2018-09-02 21:02:30,553 - application_logger - DEBUG - For json tree at: /tmp/data/test2_50.json, got: 50 as the sum
2018-09-02 21:02:30,557 - application_logger - INFO - Checking if sum: 50 is already in the db
2018-09-02 21:02:30,698 - application_logger - DEBUG - The sum -50- is already in the system! It was entered at: 2018-09-02 20:00:03
2018-09-02 21:02:30,704 - application_logger - INFO - ---------------Finished tree test2_50.json---------------
2018-09-02 21:02:30,711 - application_logger - INFO - ***************Starting tree: test3_46.json***************
2018-09-02 21:02:30,715 - application_logger - DEBUG - Initiating que with json tree from: /tmp/data/test3_46.json
2018-09-02 21:02:30,738 - application_logger - DEBUG - Starting calculation on tree
2018-09-02 21:02:30,744 - application_logger - DEBUG - For json tree at: /tmp/data/test3_46.json, got: 46 as the sum
2018-09-02 21:02:30,751 - application_logger - INFO - Checking if sum: 46 is already in the db
2018-09-02 21:02:30,874 - application_logger - DEBUG - The sum -46- is already in the system! It was entered at: 2018-09-02 20:00:03
2018-09-02 21:02:30,879 - application_logger - INFO - ---------------Finished tree test3_46.json---------------
2018-09-02 21:02:30,885 - application_logger - INFO - ***************Starting tree: test4_46.json***************
2018-09-02 21:02:30,894 - application_logger - DEBUG - Initiating que with json tree from: /tmp/data/test4_46.json
2018-09-02 21:02:30,919 - application_logger - DEBUG - Starting calculation on tree
2018-09-02 21:02:30,926 - application_logger - DEBUG - For json tree at: /tmp/data/test4_46.json, got: 46 as the sum
2018-09-02 21:02:30,935 - application_logger - INFO - Checking if sum: 46 is already in the db
2018-09-02 21:02:31,081 - application_logger - DEBUG - The sum -46- is already in the system! It was entered at: 2018-09-02 20:00:03
2018-09-02 21:02:31,084 - application_logger - INFO - ---------------Finished tree test4_46.json---------------
2018-09-02 21:02:31,088 - application_logger - INFO - ***************Starting tree: test5_90.json***************
2018-09-02 21:02:31,093 - application_logger - DEBUG - Initiating que with json tree from: /tmp/data/test5_90.json
2018-09-02 21:02:31,113 - application_logger - DEBUG - Starting calculation on tree
2018-09-02 21:02:31,118 - application_logger - DEBUG - For json tree at: /tmp/data/test5_90.json, got: 90 as the sum
2018-09-02 21:02:31,125 - application_logger - INFO - Checking if sum: 90 is already in the db
2018-09-02 21:02:31,208 - application_logger - DEBUG - The sum -90- is already in the system! It was entered at: 2018-09-02 20:22:11
2018-09-02 21:02:31,232 - application_logger - INFO - ---------------Finished tree test5_90.json---------------
2018-09-02 21:03:44,851 - application_logger - INFO - Logger initiated
2018-09-02 21:03:54,921 - application_logger - INFO - Initiating app
2018-09-02 21:03:55,935 - application_logger - INFO - ***************Starting tree: test1_50.json***************
2018-09-02 21:03:55,945 - application_logger - DEBUG - Initiating que with json tree from: /tmp/data/test1_50.json
2018-09-02 21:03:55,979 - application_logger - DEBUG - Starting calculation on tree
2018-09-02 21:03:55,987 - application_logger - DEBUG - For json tree at: /tmp/data/test1_50.json, got: 50 as the sum
2018-09-02 21:03:55,999 - application_logger - INFO - Checking if sum: 50 is already in the db
2018-09-02 21:03:56,103 - application_logger - DEBUG - The sum -50- is already in the system! It was entered at: 2018-09-02 20:00:03
2018-09-02 21:03:56,112 - application_logger - INFO - ---------------Finished tree test1_50.json---------------
2018-09-02 21:03:56,116 - application_logger - INFO - ***************Starting tree: test2_50.json***************
2018-09-02 21:03:56,135 - application_logger - DEBUG - Initiating que with json tree from: /tmp/data/test2_50.json
2018-09-02 21:03:56,171 - application_logger - DEBUG - Starting calculation on tree
2018-09-02 21:03:56,178 - application_logger - DEBUG - For json tree at: /tmp/data/test2_50.json, got: 50 as the sum
2018-09-02 21:03:56,185 - application_logger - INFO - Checking if sum: 50 is already in the db
2018-09-02 21:03:56,266 - application_logger - DEBUG - The sum -50- is already in the system! It was entered at: 2018-09-02 20:00:03
2018-09-02 21:03:56,275 - application_logger - INFO - ---------------Finished tree test2_50.json---------------
2018-09-02 21:03:56,283 - application_logger - INFO - ***************Starting tree: test3_46.json***************
2018-09-02 21:03:56,292 - application_logger - DEBUG - Initiating que with json tree from: /tmp/data/test3_46.json
2018-09-02 21:03:56,309 - application_logger - DEBUG - Starting calculation on tree
2018-09-02 21:03:56,315 - application_logger - DEBUG - For json tree at: /tmp/data/test3_46.json, got: 46 as the sum
2018-09-02 21:03:56,321 - application_logger - INFO - Checking if sum: 46 is already in the db
2018-09-02 21:03:56,383 - application_logger - DEBUG - The sum -46- is already in the system! It was entered at: 2018-09-02 20:00:03
2018-09-02 21:03:56,391 - application_logger - INFO - ---------------Finished tree test3_46.json---------------
2018-09-02 21:03:56,395 - application_logger - INFO - ***************Starting tree: test4_46.json***************
2018-09-02 21:03:56,403 - application_logger - DEBUG - Initiating que with json tree from: /tmp/data/test4_46.json
2018-09-02 21:03:56,427 - application_logger - DEBUG - Starting calculation on tree
2018-09-02 21:03:56,440 - application_logger - DEBUG - For json tree at: /tmp/data/test4_46.json, got: 46 as the sum
2018-09-02 21:03:56,447 - application_logger - INFO - Checking if sum: 46 is already in the db
2018-09-02 21:03:56,514 - application_logger - DEBUG - The sum -46- is already in the system! It was entered at: 2018-09-02 20:00:03
2018-09-02 21:03:56,522 - application_logger - INFO - ---------------Finished tree test4_46.json---------------
2018-09-02 21:03:56,530 - application_logger - INFO - ***************Starting tree: test5_90.json***************
2018-09-02 21:03:56,538 - application_logger - DEBUG - Initiating que with json tree from: /tmp/data/test5_90.json
2018-09-02 21:03:56,558 - application_logger - DEBUG - Starting calculation on tree
2018-09-02 21:03:56,566 - application_logger - DEBUG - For json tree at: /tmp/data/test5_90.json, got: 90 as the sum
2018-09-02 21:03:56,572 - application_logger - INFO - Checking if sum: 90 is already in the db
2018-09-02 21:03:56,609 - application_logger - DEBUG - The sum -90- is already in the system! It was entered at: 2018-09-02 20:22:11
2018-09-02 21:03:56,616 - application_logger - INFO - ---------------Finished tree test5_90.json---------------
2018-09-02 21:06:08,700 - application_logger - INFO - Logger initiated
2018-09-02 21:08:02,805 - application_logger - INFO - Logger initiated
2018-09-02 21:08:47,805 - application_logger - INFO - Logger initiated
2018-09-02 21:08:51,068 - application_logger - INFO - Initiating app
2018-09-02 21:08:51,795 - application_logger - INFO - ***************Starting tree: test1_50.json***************
2018-09-02 21:08:51,826 - application_logger - DEBUG - Initiating que with json tree from: /tmp/data/test1_50.json
2018-09-02 21:08:51,874 - application_logger - DEBUG - Starting calculation on tree
2018-09-02 21:08:51,887 - application_logger - DEBUG - For json tree at: /tmp/data/test1_50.json, got: 50 as the sum
2018-09-02 21:08:51,908 - application_logger - INFO - Checking if sum: 50 is already in the db
2018-09-02 21:08:52,050 - application_logger - DEBUG - The sum -50- is already in the system! It was entered at: 2018-09-02 20:00:03
2018-09-02 21:08:52,068 - application_logger - INFO - ---------------Finished tree test1_50.json---------------
2018-09-02 21:08:52,082 - application_logger - INFO - ***************Starting tree: test2_50.json***************
2018-09-02 21:08:52,099 - application_logger - DEBUG - Initiating que with json tree from: /tmp/data/test2_50.json
2018-09-02 21:08:52,144 - application_logger - DEBUG - Starting calculation on tree
2018-09-02 21:08:52,156 - application_logger - DEBUG - For json tree at: /tmp/data/test2_50.json, got: 50 as the sum
2018-09-02 21:08:52,181 - application_logger - INFO - Checking if sum: 50 is already in the db
2018-09-02 21:08:52,355 - application_logger - DEBUG - The sum -50- is already in the system! It was entered at: 2018-09-02 20:00:03
2018-09-02 21:08:52,385 - application_logger - INFO - ---------------Finished tree test2_50.json---------------
2018-09-02 21:08:52,396 - application_logger - INFO - ***************Starting tree: test3_46.json***************
2018-09-02 21:08:52,421 - application_logger - DEBUG - Initiating que with json tree from: /tmp/data/test3_46.json
2018-09-02 21:08:52,472 - application_logger - DEBUG - Starting calculation on tree
2018-09-02 21:08:52,503 - application_logger - DEBUG - For json tree at: /tmp/data/test3_46.json, got: 46 as the sum
2018-09-02 21:08:52,518 - application_logger - INFO - Checking if sum: 46 is already in the db
2018-09-02 21:08:52,691 - application_logger - DEBUG - The sum -46- is already in the system! It was entered at: 2018-09-02 20:00:03
2018-09-02 21:08:52,707 - application_logger - INFO - ---------------Finished tree test3_46.json---------------
2018-09-02 21:08:52,728 - application_logger - INFO - ***************Starting tree: test4_46.json***************
2018-09-02 21:08:52,743 - application_logger - DEBUG - Initiating que with json tree from: /tmp/data/test4_46.json
2018-09-02 21:08:52,792 - application_logger - DEBUG - Starting calculation on tree
2018-09-02 21:08:52,804 - application_logger - DEBUG - For json tree at: /tmp/data/test4_46.json, got: 46 as the sum
2018-09-02 21:08:52,833 - application_logger - INFO - Checking if sum: 46 is already in the db
2018-09-02 21:08:52,958 - application_logger - DEBUG - The sum -46- is already in the system! It was entered at: 2018-09-02 20:00:03
2018-09-02 21:08:52,964 - application_logger - INFO - ---------------Finished tree test4_46.json---------------
2018-09-02 21:08:52,973 - application_logger - INFO - ***************Starting tree: test5_90.json***************
2018-09-02 21:08:52,983 - application_logger - DEBUG - Initiating que with json tree from: /tmp/data/test5_90.json
2018-09-02 21:08:53,006 - application_logger - DEBUG - Starting calculation on tree
2018-09-02 21:08:53,015 - application_logger - DEBUG - For json tree at: /tmp/data/test5_90.json, got: 90 as the sum
2018-09-02 21:08:53,034 - application_logger - INFO - Checking if sum: 90 is already in the db
2018-09-02 21:08:53,126 - application_logger - DEBUG - The sum -90- is already in the system! It was entered at: 2018-09-02 20:22:11
2018-09-02 21:08:53,140 - application_logger - INFO - ---------------Finished tree test5_90.json---------------
2018-09-02 21:32:01,039 - application_logger - INFO - Logger initiated
2018-09-02 21:32:15,062 - application_logger - INFO - Logger initiated
2018-09-02 21:32:16,461 - application_logger - INFO - Initiating app
2018-09-02 21:32:17,016 - application_logger - INFO - ***************Starting tree: test1_50.json***************
2018-09-02 21:32:17,033 - application_logger - DEBUG - Initiating que with json tree from: /tmp/data/test1_50.json
2018-09-02 21:32:17,059 - application_logger - DEBUG - Starting calculation on tree
2018-09-02 21:32:17,069 - application_logger - DEBUG - For json tree at: /tmp/data/test1_50.json, got: 50 as the sum
2018-09-02 21:32:17,076 - application_logger - INFO - Checking if sum: 50 is already in the db
2018-09-02 21:32:17,138 - application_logger - DEBUG - The sum -50- is already in the system! It was entered at: 2018-09-02 20:18:05
2018-09-02 21:32:17,146 - application_logger - INFO - ---------------Finished tree test1_50.json---------------
2018-09-02 21:32:17,154 - application_logger - INFO - ***************Starting tree: test2_50.json***************
2018-09-02 21:32:17,162 - application_logger - DEBUG - Initiating que with json tree from: /tmp/data/test2_50.json
2018-09-02 21:32:17,179 - application_logger - DEBUG - Starting calculation on tree
2018-09-02 21:32:17,187 - application_logger - DEBUG - For json tree at: /tmp/data/test2_50.json, got: 50 as the sum
2018-09-02 21:32:17,194 - application_logger - INFO - Checking if sum: 50 is already in the db
2018-09-02 21:32:17,250 - application_logger - DEBUG - The sum -50- is already in the system! It was entered at: 2018-09-02 20:18:05
2018-09-02 21:32:17,257 - application_logger - INFO - ---------------Finished tree test2_50.json---------------
2018-09-02 21:32:54,135 - application_logger - INFO - Initiating app
2018-09-02 21:32:54,285 - application_logger - INFO - ***************Starting tree: test1_50.json***************
2018-09-02 21:32:54,293 - application_logger - DEBUG - Initiating que with json tree from: /tmp/data/test1_50.json
2018-09-02 21:32:54,332 - application_logger - DEBUG - Starting calculation on tree
2018-09-02 21:32:54,338 - application_logger - DEBUG - For json tree at: /tmp/data/test1_50.json, got: 50 as the sum
2018-09-02 21:32:54,346 - application_logger - INFO - Checking if sum: 50 is already in the db
2018-09-02 21:32:54,434 - application_logger - DEBUG - The sum -50- is already in the system! It was entered at: 2018-09-02 20:18:05
2018-09-02 21:32:54,444 - application_logger - INFO - ---------------Finished tree test1_50.json---------------
2018-09-02 21:32:54,454 - application_logger - INFO - ***************Starting tree: test2_50.json***************
2018-09-02 21:32:54,462 - application_logger - DEBUG - Initiating que with json tree from: /tmp/data/test2_50.json
2018-09-02 21:32:54,507 - application_logger - DEBUG - Starting calculation on tree
2018-09-02 21:32:54,517 - application_logger - DEBUG - For json tree at: /tmp/data/test2_50.json, got: 50 as the sum
2018-09-02 21:32:54,538 - application_logger - INFO - Checking if sum: 50 is already in the db
2018-09-02 21:32:54,657 - application_logger - DEBUG - The sum -50- is already in the system! It was entered at: 2018-09-02 20:18:05
2018-09-02 21:32:54,670 - application_logger - INFO - ---------------Finished tree test2_50.json---------------
2018-09-02 21:32:54,679 - application_logger - INFO - ***************Starting tree: test6_89.json***************
2018-09-02 21:32:54,696 - application_logger - DEBUG - Initiating que with json tree from: /tmp/data/test6_89.json
2018-09-02 21:32:54,729 - application_logger - DEBUG - Starting calculation on tree
2018-09-02 21:32:54,741 - application_logger - DEBUG - For json tree at: /tmp/data/test6_89.json, got: 89 as the sum
2018-09-02 21:32:54,753 - application_logger - INFO - Checking if sum: 89 is already in the db
2018-09-02 21:32:54,855 - application_logger - DEBUG - The sum -89- is already in the system! It was entered at: 2018-09-02 21:30:32
2018-09-02 21:32:54,864 - application_logger - INFO - ---------------Finished tree test6_89.json---------------
2018-09-02 21:33:13,953 - application_logger - INFO - Initiating app
2018-09-02 21:33:14,197 - application_logger - INFO - ***************Starting tree: test1_50.json***************
2018-09-02 21:33:14,225 - application_logger - DEBUG - Initiating que with json tree from: /tmp/data/test1_50.json
2018-09-02 21:33:14,268 - application_logger - DEBUG - Starting calculation on tree
2018-09-02 21:33:14,281 - application_logger - DEBUG - For json tree at: /tmp/data/test1_50.json, got: 50 as the sum
2018-09-02 21:33:14,306 - application_logger - INFO - Checking if sum: 50 is already in the db
2018-09-02 21:33:14,486 - application_logger - DEBUG - The sum -50- is already in the system! It was entered at: 2018-09-02 20:18:05
2018-09-02 21:33:14,509 - application_logger - INFO - ---------------Finished tree test1_50.json---------------
2018-09-02 21:33:14,534 - application_logger - INFO - ***************Starting tree: test2_50.json***************
2018-09-02 21:33:14,550 - application_logger - DEBUG - Initiating que with json tree from: /tmp/data/test2_50.json
2018-09-02 21:33:14,596 - application_logger - DEBUG - Starting calculation on tree
2018-09-02 21:33:14,603 - application_logger - DEBUG - For json tree at: /tmp/data/test2_50.json, got: 50 as the sum
2018-09-02 21:33:14,616 - application_logger - INFO - Checking if sum: 50 is already in the db
2018-09-02 21:33:14,815 - application_logger - DEBUG - The sum -50- is already in the system! It was entered at: 2018-09-02 20:18:05
2018-09-02 21:33:14,823 - application_logger - INFO - ---------------Finished tree test2_50.json---------------
2018-09-02 21:33:14,834 - application_logger - INFO - ***************Starting tree: test3_46.json***************
2018-09-02 21:33:14,850 - application_logger - DEBUG - Initiating que with json tree from: /tmp/data/test3_46.json
2018-09-02 21:33:14,890 - application_logger - DEBUG - Starting calculation on tree
2018-09-02 21:33:14,922 - application_logger - DEBUG - For json tree at: /tmp/data/test3_46.json, got: 46 as the sum
2018-09-02 21:33:14,938 - application_logger - INFO - Checking if sum: 46 is already in the db
2018-09-02 21:33:15,131 - application_logger - DEBUG - The sum -46- is already in the system! It was entered at: 2018-09-02 20:18:05
2018-09-02 21:33:15,148 - application_logger - INFO - ---------------Finished tree test3_46.json---------------
2018-09-02 21:33:15,171 - application_logger - INFO - ***************Starting tree: test4_46.json***************
2018-09-02 21:33:15,205 - application_logger - DEBUG - Initiating que with json tree from: /tmp/data/test4_46.json
2018-09-02 21:33:15,264 - application_logger - DEBUG - Starting calculation on tree
2018-09-02 21:33:15,281 - application_logger - DEBUG - For json tree at: /tmp/data/test4_46.json, got: 46 as the sum
2018-09-02 21:33:15,302 - application_logger - INFO - Checking if sum: 46 is already in the db
2018-09-02 21:33:15,515 - application_logger - DEBUG - The sum -46- is already in the system! It was entered at: 2018-09-02 20:18:05
2018-09-02 21:33:15,538 - application_logger - INFO - ---------------Finished tree test4_46.json---------------
2018-09-02 21:33:15,564 - application_logger - INFO - ***************Starting tree: test5_90.json***************
2018-09-02 21:33:15,581 - application_logger - DEBUG - Initiating que with json tree from: /tmp/data/test5_90.json
2018-09-02 21:33:15,627 - application_logger - DEBUG - Starting calculation on tree
2018-09-02 21:33:15,650 - application_logger - DEBUG - For json tree at: /tmp/data/test5_90.json, got: 90 as the sum
2018-09-02 21:33:15,668 - application_logger - INFO - Checking if sum: 90 is already in the db
2018-09-02 21:33:15,854 - application_logger - DEBUG - The sum -90- is already in the system! It was entered at: 2018-09-02 21:26:33
2018-09-02 21:33:15,861 - application_logger - INFO - ---------------Finished tree test5_90.json---------------
2018-09-02 21:33:15,874 - application_logger - INFO - ***************Starting tree: test6_89.json***************
2018-09-02 21:33:15,918 - application_logger - DEBUG - Initiating que with json tree from: /tmp/data/test6_89.json
2018-09-02 21:33:16,007 - application_logger - DEBUG - Starting calculation on tree
2018-09-02 21:33:16,017 - application_logger - DEBUG - For json tree at: /tmp/data/test6_89.json, got: 89 as the sum
2018-09-02 21:33:16,050 - application_logger - INFO - Checking if sum: 89 is already in the db
2018-09-02 21:33:16,245 - application_logger - DEBUG - The sum -89- is already in the system! It was entered at: 2018-09-02 21:30:32
2018-09-02 21:33:16,254 - application_logger - INFO - ---------------Finished tree test6_89.json---------------
